--------------------------
Sun Mar  7 19:52:17 CST 2021
--------------------------
Using Java version: 1.8.0_281
19:52:24.030 [main] INFO  org.apache.hyracks.control.nc.service.NCService - Waiting for connection from CC on *:9091
19:52:40.522 [main] INFO  org.apache.hyracks.control.nc.service.NCService - Using JAVA_OPTS from conf file (jvm.args)
19:52:40.523 [main] INFO  org.apache.hyracks.control.nc.service.NCService - Setting JAVA_OPTS to -XX:MaxGCPauseMillis=25000 -Xmx4916m
19:52:40.523 [main] INFO  org.apache.hyracks.control.nc.service.NCService - Launching NCDriver process
Using Java version: 1.8.0_281
log4j:WARN No appenders could be found for logger (io.netty.util.internal.logging.InternalLoggerFactory).
log4j:WARN Please initialize the log4j system properly.
log4j:WARN See http://logging.apache.org/log4j/1.2/faq.html#noconfig for more info.
--------------------------
Tue Mar  9 00:22:29 CST 2021
--------------------------
Using Java version: 1.8.0_281
00:22:36.069 [main] INFO  org.apache.hyracks.control.nc.service.NCService - Waiting for connection from CC on *:9091
00:22:52.526 [main] INFO  org.apache.hyracks.control.nc.service.NCService - Using JAVA_OPTS from conf file (jvm.args)
00:22:52.528 [main] INFO  org.apache.hyracks.control.nc.service.NCService - Setting JAVA_OPTS to -XX:MaxGCPauseMillis=25000 -Xmx4916m
00:22:52.529 [main] INFO  org.apache.hyracks.control.nc.service.NCService - Launching NCDriver process
Using Java version: 1.8.0_281
log4j:WARN No appenders could be found for logger (io.netty.util.internal.logging.InternalLoggerFactory).
log4j:WARN Please initialize the log4j system properly.
log4j:WARN See http://logging.apache.org/log4j/1.2/faq.html#noconfig for more info.
--------------------------
Tue Mar  9 21:18:08 CST 2021
--------------------------
Using Java version: 1.8.0_281
21:18:14.550 [main] INFO  org.apache.hyracks.control.nc.service.NCService - Waiting for connection from CC on *:9091
21:18:31.063 [main] INFO  org.apache.hyracks.control.nc.service.NCService - Using JAVA_OPTS from conf file (jvm.args)
21:18:31.064 [main] INFO  org.apache.hyracks.control.nc.service.NCService - Setting JAVA_OPTS to -XX:MaxGCPauseMillis=25000 -Xmx4916m
21:18:31.064 [main] INFO  org.apache.hyracks.control.nc.service.NCService - Launching NCDriver process
Using Java version: 1.8.0_281
log4j:WARN No appenders could be found for logger (io.netty.util.internal.logging.InternalLoggerFactory).
log4j:WARN Please initialize the log4j system properly.
log4j:WARN See http://logging.apache.org/log4j/1.2/faq.html#noconfig for more info.
21:41:18.936 [main] INFO  org.apache.hyracks.control.nc.service.NCService - NCDriver exited with return value 99
21:41:18.939 [main] INFO  org.apache.hyracks.control.nc.service.NCService - Terminating NCService based on return value from NCDriver
21:41:18.939 [main] INFO  org.apache.hyracks.control.nc.service.NCService - JVM Exiting.. Bye!
--------------------------
Tue Mar  9 21:42:31 CST 2021
--------------------------
Using Java version: 1.8.0_281
21:42:37.047 [main] INFO  org.apache.hyracks.control.nc.service.NCService - Waiting for connection from CC on *:9091
21:42:53.036 [main] INFO  org.apache.hyracks.control.nc.service.NCService - Using JAVA_OPTS from conf file (jvm.args)
21:42:53.036 [main] INFO  org.apache.hyracks.control.nc.service.NCService - Setting JAVA_OPTS to -XX:MaxGCPauseMillis=25000 -Xmx4916m
21:42:53.037 [main] INFO  org.apache.hyracks.control.nc.service.NCService - Launching NCDriver process
Using Java version: 1.8.0_281
log4j:WARN No appenders could be found for logger (io.netty.util.internal.logging.InternalLoggerFactory).
log4j:WARN Please initialize the log4j system properly.
log4j:WARN See http://logging.apache.org/log4j/1.2/faq.html#noconfig for more info.
10:35:43.929 [main] INFO  org.apache.hyracks.control.nc.service.NCService - NCDriver exited with return value 99
10:35:43.932 [main] INFO  org.apache.hyracks.control.nc.service.NCService - Terminating NCService based on return value from NCDriver
10:35:43.932 [main] INFO  org.apache.hyracks.control.nc.service.NCService - JVM Exiting.. Bye!
--------------------------
Wed Mar 10 10:36:24 CST 2021
--------------------------
Using Java version: 1.8.0_281
10:36:30.776 [main] INFO  org.apache.hyracks.control.nc.service.NCService - Waiting for connection from CC on *:9091
10:36:46.768 [main] INFO  org.apache.hyracks.control.nc.service.NCService - Using JAVA_OPTS from conf file (jvm.args)
10:36:46.769 [main] INFO  org.apache.hyracks.control.nc.service.NCService - Setting JAVA_OPTS to -XX:MaxGCPauseMillis=25000 -Xmx4916m
10:36:46.769 [main] INFO  org.apache.hyracks.control.nc.service.NCService - Launching NCDriver process
Using Java version: 1.8.0_281
log4j:WARN No appenders could be found for logger (io.netty.util.internal.logging.InternalLoggerFactory).
log4j:WARN Please initialize the log4j system properly.
log4j:WARN See http://logging.apache.org/log4j/1.2/faq.html#noconfig for more info.
